2019-10-31 21:53:09,093 INFO [root] [utils.py read_emp_add:66] - [jsonData {'emp_add': {'username': '女娲010', 'mobile': '13700452330', 'status_code': 200, 'success': True, 'code': 10000, 'message': '操作成功'}, 'emp_query': {'status_code': 200, 'success': True, 'code': 10000, 'message': '操作成功'}, 'emp_update': {'username': '迪士尼乐园', 'status_code': 200, 'success': True, 'code': 10000, 'message': '操作成功'}, 'emp_delete': {'status_code': 200, 'success': True, 'code': 10000, 'message': '操作成功'}}]
2019-10-31 21:53:09,118 INFO [root] [utils.py read_emp_add:76] - [读取到的添加员工的数据为：[('女娲010', '13700452330', 200, True, 10000, '操作成功')]]
2019-10-31 21:53:09,143 INFO [root] [utils.py query_emp:94] - [读取员工数据时，返回的数据为：[(200, True, 10000, '操作成功')]]
2019-10-31 21:53:09,148 INFO [root] [utils.py update_emp_data:111] - [修改员工数据时，返回的数据为：[('迪士尼乐园', 200, True, 10000, '操作成功')]]
2019-10-31 21:53:09,158 INFO [root] [utils.py delete_emp_data:127] - [删除员工用例的数据为：[(200, True, 10000, '操作成功')]]
2019-10-31 21:53:09,218 INFO [root] [utils.py read_login_data:56] - [读取后，返回的登陆数据列表为： [('登陆成功', '1380000002', '123456', 200, True, 10000, '操作成功'), ('用户名或密码错误', '1390000002', '123456', 200, False, 20001, '用户名或密码错误'), ('密码错误', '1380000002', 'error', 200, False, 20001, '用户名或密码错误'), ('手机号码为空', '', 'error', 200, False, 20001, '用户名或密码错误'), ('密码为空', '13800000002', '', 200, False, 20001, '用户名或密码错误')]]
2019-10-31 21:53:09,438 INFO [root] [login_parameterized.py test01_login:26] - [登陆成功的数据： {'success': False, 'code': 20001, 'message': '用户名或密码错误', 'data': None}]
2019-10-31 21:53:09,548 INFO [root] [login_parameterized.py test01_login:26] - [登陆成功的数据： {'success': False, 'code': 20001, 'message': '用户名或密码错误', 'data': None}]
2019-10-31 21:53:09,618 INFO [root] [login_parameterized.py test01_login:26] - [登陆成功的数据： {'success': False, 'code': 20001, 'message': '用户名或密码错误', 'data': None}]
2019-10-31 21:53:09,688 INFO [root] [login_parameterized.py test01_login:26] - [登陆成功的数据： {'success': False, 'code': 20001, 'message': '用户名或密码错误', 'data': None}]
2019-10-31 21:53:09,768 INFO [root] [login_parameterized.py test01_login:26] - [登陆成功的数据： {'success': True, 'code': 10000, 'message': '操作成功！', 'data': '228ceea1-b2ec-4cf6-92e7-4aa7d225f361'}]
2019-10-31 21:53:09,848 INFO [root] [login_parameterized.py test04_requests_params_is_empyt:42] - [请求参数为空： {'success': False, 'code': 99999, 'message': '抱歉，系统繁忙，请稍后重试！', 'data': None}]
2019-10-31 21:53:09,848 INFO [root] [login_api.py login_invalid_params:34] - [{'verfify': '123456'}]
2019-10-31 21:53:09,868 INFO [root] [login_api.py login_invalid_params:37] - [无效参数的登陆数据 {'mobile': '13800000002', 'password': '123456', 'verfify': '123456'}]
2019-10-31 21:53:09,948 INFO [root] [login_parameterized.py test07_add_invalid_params:50] - [添加一个无效的参数： {'success': True, 'code': 10000, 'message': '操作成功！', 'data': 'b7aa3c8a-0db8-4318-9bd8-55f2b832c840'}]
2019-10-31 21:53:10,028 INFO [root] [emp_parameterized.py test01_login_success:29] - [员工管理模块登陆接口的调用结果为： {'success': True, 'code': 10000, 'message': '操作成功！', 'data': '5e7abbea-5045-4351-bc6a-4d3b32064841'}]
2019-10-31 21:53:10,028 INFO [root] [emp_parameterized.py test01_login_success:35] - [员工管理模块登陆接口中访问app.Headers的值为： {'Content-Type': 'application/json', 'Authorization': 'Bearer 5e7abbea-5045-4351-bc6a-4d3b32064841'}]
2019-10-31 21:53:10,038 INFO [root] [emp_api.py add_emp:28] - [添加员工接口中，请求头为：self.headers = {'Content-Type': 'application/json', 'Authorization': 'Bearer 5e7abbea-5045-4351-bc6a-4d3b32064841'}]
2019-10-31 21:53:10,133 INFO [root] [emp_parameterized.py test02_add_emp:47] - [添加员工接口的返回值为： {'success': True, 'code': 10000, 'message': '操作成功！', 'data': {'id': '1189903138685276160'}}]
2019-10-31 21:53:10,138 INFO [root] [emp_parameterized.py test02_add_emp:52] - [添加员工接口后，保存在app.EMP_ID的值为1189903138685276160]
2019-10-31 21:53:10,343 INFO [root] [emp_parameterized.py test02_add_emp:68] - [从数据库查询的到的username是('女娲010',)]
2019-10-31 21:53:10,348 INFO [root] [emp_api.py query_emp:32] - [传入的查询员工API接口中的emp_id的值为:1189903138685276160]
2019-10-31 21:53:10,348 INFO [root] [emp_api.py query_emp:35] - [查询员工接口的URL为　http://182.92.81.159/api/sys/user/1189903138685276160]
2019-10-31 21:53:10,419 INFO [root] [emp_parameterized.py test03_query_emp:84] - [查询员工接口返回的数据为：{'success': True, 'code': 10000, 'message': '操作成功！', 'data': {'id': '1189903138685276160', 'mobile': '13700452330', 'username': '女娲010', 'password': '4faf9b4fc3c15f39b6184727164dc545', 'enableState': 1, 'createTime': None, 'companyId': '1', 'companyName': '传智播客', 'departmentId': '1066238836272664576', 'timeOfEntry': '2019-10-01T00:00:00.000+0000', 'formOfEmployment': 1, 'workNumber': '9833221', 'formOfManagement': None, 'workingCity': None, 'correctionTime': '2019-12-31T16:00:00.000+0000', 'inServiceStatus': None, 'departmentName': '财务部', 'roleIds': [], 'staffPhoto': None}}]
2019-10-31 21:53:10,498 INFO [root] [emp_parameterized.py test04_update_emp:93] - [修改员工的结果为：{'success': True, 'code': 10000, 'message': '操作成功！', 'data': {'id': '1189903138685276160'}}]
2019-10-31 21:53:10,578 INFO [root] [emp_parameterized.py test05_delete_emp:102] - [删除员工的结果为：{'success': True, 'code': 10000, 'message': '操作成功！', 'data': None}]
2019-11-01 09:33:17,202 INFO [root] [utils.py read_emp_add:66] - [jsonData {'emp_add': {'username': '女娲010', 'mobile': '13700452330', 'status_code': 200, 'success': True, 'code': 10000, 'message': '操作成功'}, 'emp_query': {'status_code': 200, 'success': True, 'code': 10000, 'message': '操作成功'}, 'emp_update': {'username': '迪士尼乐园', 'status_code': 200, 'success': True, 'code': 10000, 'message': '操作成功'}, 'emp_delete': {'status_code': 200, 'success': True, 'code': 10000, 'message': '操作成功'}}]
2019-11-01 09:33:17,202 INFO [root] [utils.py read_emp_add:66] - [jsonData {'emp_add': {'username': '女娲010', 'mobile': '13700452330', 'status_code': 200, 'success': True, 'code': 10000, 'message': '操作成功'}, 'emp_query': {'status_code': 200, 'success': True, 'code': 10000, 'message': '操作成功'}, 'emp_update': {'username': '迪士尼乐园', 'status_code': 200, 'success': True, 'code': 10000, 'message': '操作成功'}, 'emp_delete': {'status_code': 200, 'success': True, 'code': 10000, 'message': '操作成功'}}]
2019-11-01 09:33:17,238 INFO [root] [utils.py read_emp_add:76] - [读取到的添加员工的数据为：[('女娲010', '13700452330', 200, True, 10000, '操作成功')]]
2019-11-01 09:33:17,238 INFO [root] [utils.py read_emp_add:76] - [读取到的添加员工的数据为：[('女娲010', '13700452330', 200, True, 10000, '操作成功')]]
2019-11-01 09:33:17,245 INFO [root] [utils.py query_emp:94] - [读取员工数据时，返回的数据为：[(200, True, 10000, '操作成功')]]
2019-11-01 09:33:17,245 INFO [root] [utils.py query_emp:94] - [读取员工数据时，返回的数据为：[(200, True, 10000, '操作成功')]]
2019-11-01 09:33:17,250 INFO [root] [utils.py update_emp_data:111] - [修改员工数据时，返回的数据为：[('迪士尼乐园', 200, True, 10000, '操作成功')]]
2019-11-01 09:33:17,250 INFO [root] [utils.py update_emp_data:111] - [修改员工数据时，返回的数据为：[('迪士尼乐园', 200, True, 10000, '操作成功')]]
2019-11-01 09:33:17,260 INFO [root] [utils.py delete_emp_data:127] - [删除员工用例的数据为：[(200, True, 10000, '操作成功')]]
2019-11-01 09:33:17,260 INFO [root] [utils.py delete_emp_data:127] - [删除员工用例的数据为：[(200, True, 10000, '操作成功')]]
2019-11-01 09:33:17,356 INFO [root] [utils.py read_login_data:56] - [读取后，返回的登陆数据列表为： [('登陆成功', '1380000002', '123456', 200, True, 10000, '操作成功'), ('用户名或密码错误', '1390000002', '123456', 200, False, 20001, '用户名或密码错误'), ('密码错误', '1380000002', 'error', 200, False, 20001, '用户名或密码错误'), ('手机号码为空', '', 'error', 200, False, 20001, '用户名或密码错误'), ('密码为空', '13800000002', '', 200, False, 20001, '用户名或密码错误')]]
2019-11-01 09:33:17,356 INFO [root] [utils.py read_login_data:56] - [读取后，返回的登陆数据列表为： [('登陆成功', '1380000002', '123456', 200, True, 10000, '操作成功'), ('用户名或密码错误', '1390000002', '123456', 200, False, 20001, '用户名或密码错误'), ('密码错误', '1380000002', 'error', 200, False, 20001, '用户名或密码错误'), ('手机号码为空', '', 'error', 200, False, 20001, '用户名或密码错误'), ('密码为空', '13800000002', '', 200, False, 20001, '用户名或密码错误')]]
2019-11-01 09:33:17,887 INFO [root] [login_parameterized.py test01_login:26] - [登陆成功的数据： {'success': False, 'code': 20001, 'message': '用户名或密码错误', 'data': None}]
2019-11-01 09:33:17,887 INFO [root] [login_parameterized.py test01_login:26] - [登陆成功的数据： {'success': False, 'code': 20001, 'message': '用户名或密码错误', 'data': None}]
2019-11-01 09:33:17,956 INFO [root] [login_parameterized.py test01_login:26] - [登陆成功的数据： {'success': False, 'code': 20001, 'message': '用户名或密码错误', 'data': None}]
2019-11-01 09:33:17,956 INFO [root] [login_parameterized.py test01_login:26] - [登陆成功的数据： {'success': False, 'code': 20001, 'message': '用户名或密码错误', 'data': None}]
2019-11-01 09:33:18,028 INFO [root] [login_parameterized.py test01_login:26] - [登陆成功的数据： {'success': False, 'code': 20001, 'message': '用户名或密码错误', 'data': None}]
2019-11-01 09:33:18,028 INFO [root] [login_parameterized.py test01_login:26] - [登陆成功的数据： {'success': False, 'code': 20001, 'message': '用户名或密码错误', 'data': None}]
2019-11-01 09:33:18,089 INFO [root] [login_parameterized.py test01_login:26] - [登陆成功的数据： {'success': False, 'code': 20001, 'message': '用户名或密码错误', 'data': None}]
2019-11-01 09:33:18,089 INFO [root] [login_parameterized.py test01_login:26] - [登陆成功的数据： {'success': False, 'code': 20001, 'message': '用户名或密码错误', 'data': None}]
2019-11-01 09:33:18,170 INFO [root] [login_parameterized.py test01_login:26] - [登陆成功的数据： {'success': True, 'code': 10000, 'message': '操作成功！', 'data': 'fbba1ce3-2bcd-4094-9334-586551971e67'}]
2019-11-01 09:33:18,170 INFO [root] [login_parameterized.py test01_login:26] - [登陆成功的数据： {'success': True, 'code': 10000, 'message': '操作成功！', 'data': 'fbba1ce3-2bcd-4094-9334-586551971e67'}]
2019-11-01 09:33:18,239 INFO [root] [login_parameterized.py test04_requests_params_is_empyt:42] - [请求参数为空： {'success': False, 'code': 99999, 'message': '抱歉，系统繁忙，请稍后重试！', 'data': None}]
2019-11-01 09:33:18,239 INFO [root] [login_parameterized.py test04_requests_params_is_empyt:42] - [请求参数为空： {'success': False, 'code': 99999, 'message': '抱歉，系统繁忙，请稍后重试！', 'data': None}]
2019-11-01 09:33:18,239 INFO [root] [login_api.py login_invalid_params:34] - [{'verfify': '123456'}]
2019-11-01 09:33:18,239 INFO [root] [login_api.py login_invalid_params:34] - [{'verfify': '123456'}]
2019-11-01 09:33:18,239 INFO [root] [login_api.py login_invalid_params:37] - [无效参数的登陆数据 {'mobile': '13800000002', 'password': '123456', 'verfify': '123456'}]
2019-11-01 09:33:18,239 INFO [root] [login_api.py login_invalid_params:37] - [无效参数的登陆数据 {'mobile': '13800000002', 'password': '123456', 'verfify': '123456'}]
2019-11-01 09:33:18,309 INFO [root] [login_parameterized.py test07_add_invalid_params:50] - [添加一个无效的参数： {'success': True, 'code': 10000, 'message': '操作成功！', 'data': 'fbec4fca-48fc-4155-9336-7ee0da94eb39'}]
2019-11-01 09:33:18,309 INFO [root] [login_parameterized.py test07_add_invalid_params:50] - [添加一个无效的参数： {'success': True, 'code': 10000, 'message': '操作成功！', 'data': 'fbec4fca-48fc-4155-9336-7ee0da94eb39'}]
2019-11-01 09:33:18,389 INFO [root] [emp_parameterized.py test01_login_success:29] - [员工管理模块登陆接口的调用结果为： {'success': True, 'code': 10000, 'message': '操作成功！', 'data': '1ac8ad05-8846-4ef8-9e5b-c377b0b54f85'}]
2019-11-01 09:33:18,389 INFO [root] [emp_parameterized.py test01_login_success:29] - [员工管理模块登陆接口的调用结果为： {'success': True, 'code': 10000, 'message': '操作成功！', 'data': '1ac8ad05-8846-4ef8-9e5b-c377b0b54f85'}]
2019-11-01 09:33:18,389 INFO [root] [emp_parameterized.py test01_login_success:35] - [员工管理模块登陆接口中访问app.Headers的值为： {'Content-Type': 'application/json', 'Authorization': 'Bearer 1ac8ad05-8846-4ef8-9e5b-c377b0b54f85'}]
2019-11-01 09:33:18,389 INFO [root] [emp_parameterized.py test01_login_success:35] - [员工管理模块登陆接口中访问app.Headers的值为： {'Content-Type': 'application/json', 'Authorization': 'Bearer 1ac8ad05-8846-4ef8-9e5b-c377b0b54f85'}]
2019-11-01 09:33:18,389 INFO [root] [emp_api.py add_emp:28] - [添加员工接口中，请求头为：self.headers = {'Content-Type': 'application/json', 'Authorization': 'Bearer 1ac8ad05-8846-4ef8-9e5b-c377b0b54f85'}]
2019-11-01 09:33:18,389 INFO [root] [emp_api.py add_emp:28] - [添加员工接口中，请求头为：self.headers = {'Content-Type': 'application/json', 'Authorization': 'Bearer 1ac8ad05-8846-4ef8-9e5b-c377b0b54f85'}]
2019-11-01 09:33:18,464 INFO [root] [emp_parameterized.py test02_add_emp:47] - [添加员工接口的返回值为： {'success': True, 'code': 10000, 'message': '操作成功！', 'data': {'id': '1190079330939916288'}}]
2019-11-01 09:33:18,464 INFO [root] [emp_parameterized.py test02_add_emp:47] - [添加员工接口的返回值为： {'success': True, 'code': 10000, 'message': '操作成功！', 'data': {'id': '1190079330939916288'}}]
2019-11-01 09:33:18,464 INFO [root] [emp_parameterized.py test02_add_emp:52] - [添加员工接口后，保存在app.EMP_ID的值为1190079330939916288]
2019-11-01 09:33:18,464 INFO [root] [emp_parameterized.py test02_add_emp:52] - [添加员工接口后，保存在app.EMP_ID的值为1190079330939916288]
2019-11-01 09:33:18,899 INFO [root] [emp_parameterized.py test02_add_emp:68] - [从数据库查询的到的username是('女娲010',)]
2019-11-01 09:33:18,899 INFO [root] [emp_parameterized.py test02_add_emp:68] - [从数据库查询的到的username是('女娲010',)]
2019-11-01 09:33:18,899 INFO [root] [emp_api.py query_emp:32] - [传入的查询员工API接口中的emp_id的值为:1190079330939916288]
2019-11-01 09:33:18,899 INFO [root] [emp_api.py query_emp:32] - [传入的查询员工API接口中的emp_id的值为:1190079330939916288]
2019-11-01 09:33:18,899 INFO [root] [emp_api.py query_emp:35] - [查询员工接口的URL为　http://182.92.81.159/api/sys/user/1190079330939916288]
2019-11-01 09:33:18,899 INFO [root] [emp_api.py query_emp:35] - [查询员工接口的URL为　http://182.92.81.159/api/sys/user/1190079330939916288]
2019-11-01 09:33:18,969 INFO [root] [emp_parameterized.py test03_query_emp:84] - [查询员工接口返回的数据为：{'success': True, 'code': 10000, 'message': '操作成功！', 'data': {'id': '1190079330939916288', 'mobile': '13700452330', 'username': '女娲010', 'password': '4faf9b4fc3c15f39b6184727164dc545', 'enableState': 1, 'createTime': None, 'companyId': '1', 'companyName': '传智播客', 'departmentId': '1066238836272664576', 'timeOfEntry': '2019-10-01T00:00:00.000+0000', 'formOfEmployment': 1, 'workNumber': '9833221', 'formOfManagement': None, 'workingCity': None, 'correctionTime': '2019-12-31T16:00:00.000+0000', 'inServiceStatus': None, 'departmentName': '财务部', 'roleIds': [], 'staffPhoto': None}}]
2019-11-01 09:33:18,969 INFO [root] [emp_parameterized.py test03_query_emp:84] - [查询员工接口返回的数据为：{'success': True, 'code': 10000, 'message': '操作成功！', 'data': {'id': '1190079330939916288', 'mobile': '13700452330', 'username': '女娲010', 'password': '4faf9b4fc3c15f39b6184727164dc545', 'enableState': 1, 'createTime': None, 'companyId': '1', 'companyName': '传智播客', 'departmentId': '1066238836272664576', 'timeOfEntry': '2019-10-01T00:00:00.000+0000', 'formOfEmployment': 1, 'workNumber': '9833221', 'formOfManagement': None, 'workingCity': None, 'correctionTime': '2019-12-31T16:00:00.000+0000', 'inServiceStatus': None, 'departmentName': '财务部', 'roleIds': [], 'staffPhoto': None}}]
2019-11-01 09:33:19,040 INFO [root] [emp_parameterized.py test04_update_emp:93] - [修改员工的结果为：{'success': True, 'code': 10000, 'message': '操作成功！', 'data': {'id': '1190079330939916288'}}]
2019-11-01 09:33:19,040 INFO [root] [emp_parameterized.py test04_update_emp:93] - [修改员工的结果为：{'success': True, 'code': 10000, 'message': '操作成功！', 'data': {'id': '1190079330939916288'}}]
2019-11-01 09:33:19,109 INFO [root] [emp_parameterized.py test05_delete_emp:102] - [删除员工的结果为：{'success': True, 'code': 10000, 'message': '操作成功！', 'data': None}]
2019-11-01 09:33:19,109 INFO [root] [emp_parameterized.py test05_delete_emp:102] - [删除员工的结果为：{'success': True, 'code': 10000, 'message': '操作成功！', 'data': None}]
2019-11-01 09:36:38,963 INFO [root] [utils.py read_emp_add:66] - [jsonData {'emp_add': {'username': '女娲010', 'mobile': '13700452330', 'status_code': 200, 'success': True, 'code': 10000, 'message': '操作成功'}, 'emp_query': {'status_code': 200, 'success': True, 'code': 10000, 'message': '操作成功'}, 'emp_update': {'username': '迪士尼乐园', 'status_code': 200, 'success': True, 'code': 10000, 'message': '操作成功'}, 'emp_delete': {'status_code': 200, 'success': True, 'code': 10000, 'message': '操作成功'}}]
2019-11-01 09:36:38,963 INFO [root] [utils.py read_emp_add:66] - [jsonData {'emp_add': {'username': '女娲010', 'mobile': '13700452330', 'status_code': 200, 'success': True, 'code': 10000, 'message': '操作成功'}, 'emp_query': {'status_code': 200, 'success': True, 'code': 10000, 'message': '操作成功'}, 'emp_update': {'username': '迪士尼乐园', 'status_code': 200, 'success': True, 'code': 10000, 'message': '操作成功'}, 'emp_delete': {'status_code': 200, 'success': True, 'code': 10000, 'message': '操作成功'}}]
2019-11-01 09:36:38,963 INFO [root] [utils.py read_emp_add:76] - [读取到的添加员工的数据为：[('女娲010', '13700452330', 200, True, 10000, '操作成功')]]
2019-11-01 09:36:38,963 INFO [root] [utils.py read_emp_add:76] - [读取到的添加员工的数据为：[('女娲010', '13700452330', 200, True, 10000, '操作成功')]]
2019-11-01 09:36:38,983 INFO [root] [utils.py query_emp:94] - [读取员工数据时，返回的数据为：[(200, True, 10000, '操作成功')]]
2019-11-01 09:36:38,983 INFO [root] [utils.py query_emp:94] - [读取员工数据时，返回的数据为：[(200, True, 10000, '操作成功')]]
2019-11-01 09:36:38,998 INFO [root] [utils.py update_emp_data:111] - [修改员工数据时，返回的数据为：[('迪士尼乐园', 200, True, 10000, '操作成功')]]
2019-11-01 09:36:38,998 INFO [root] [utils.py update_emp_data:111] - [修改员工数据时，返回的数据为：[('迪士尼乐园', 200, True, 10000, '操作成功')]]
2019-11-01 09:36:39,008 INFO [root] [utils.py delete_emp_data:127] - [删除员工用例的数据为：[(200, True, 10000, '操作成功')]]
2019-11-01 09:36:39,008 INFO [root] [utils.py delete_emp_data:127] - [删除员工用例的数据为：[(200, True, 10000, '操作成功')]]
2019-11-01 09:36:39,018 INFO [root] [utils.py read_login_data:56] - [读取后，返回的登陆数据列表为： [('登陆成功', '1380000002', '123456', 200, True, 10000, '操作成功'), ('用户名或密码错误', '1390000002', '123456', 200, False, 20001, '用户名或密码错误'), ('密码错误', '1380000002', 'error', 200, False, 20001, '用户名或密码错误'), ('手机号码为空', '', 'error', 200, False, 20001, '用户名或密码错误'), ('密码为空', '13800000002', '', 200, False, 20001, '用户名或密码错误')]]
2019-11-01 09:36:39,018 INFO [root] [utils.py read_login_data:56] - [读取后，返回的登陆数据列表为： [('登陆成功', '1380000002', '123456', 200, True, 10000, '操作成功'), ('用户名或密码错误', '1390000002', '123456', 200, False, 20001, '用户名或密码错误'), ('密码错误', '1380000002', 'error', 200, False, 20001, '用户名或密码错误'), ('手机号码为空', '', 'error', 200, False, 20001, '用户名或密码错误'), ('密码为空', '13800000002', '', 200, False, 20001, '用户名或密码错误')]]
2019-11-01 09:36:39,128 INFO [root] [login_parameterized.py test01_login:26] - [登陆成功的数据： {'success': False, 'code': 20001, 'message': '用户名或密码错误', 'data': None}]
2019-11-01 09:36:39,128 INFO [root] [login_parameterized.py test01_login:26] - [登陆成功的数据： {'success': False, 'code': 20001, 'message': '用户名或密码错误', 'data': None}]
2019-11-01 09:36:39,228 INFO [root] [login_parameterized.py test01_login:26] - [登陆成功的数据： {'success': False, 'code': 20001, 'message': '用户名或密码错误', 'data': None}]
2019-11-01 09:36:39,228 INFO [root] [login_parameterized.py test01_login:26] - [登陆成功的数据： {'success': False, 'code': 20001, 'message': '用户名或密码错误', 'data': None}]
2019-11-01 09:36:39,313 INFO [root] [login_parameterized.py test01_login:26] - [登陆成功的数据： {'success': False, 'code': 20001, 'message': '用户名或密码错误', 'data': None}]
2019-11-01 09:36:39,313 INFO [root] [login_parameterized.py test01_login:26] - [登陆成功的数据： {'success': False, 'code': 20001, 'message': '用户名或密码错误', 'data': None}]
2019-11-01 09:36:39,404 INFO [root] [login_parameterized.py test01_login:26] - [登陆成功的数据： {'success': False, 'code': 20001, 'message': '用户名或密码错误', 'data': None}]
2019-11-01 09:36:39,404 INFO [root] [login_parameterized.py test01_login:26] - [登陆成功的数据： {'success': False, 'code': 20001, 'message': '用户名或密码错误', 'data': None}]
2019-11-01 09:36:39,483 INFO [root] [login_parameterized.py test01_login:26] - [登陆成功的数据： {'success': True, 'code': 10000, 'message': '操作成功！', 'data': 'd3a1aa3a-0974-46c8-b546-799a02960245'}]
2019-11-01 09:36:39,483 INFO [root] [login_parameterized.py test01_login:26] - [登陆成功的数据： {'success': True, 'code': 10000, 'message': '操作成功！', 'data': 'd3a1aa3a-0974-46c8-b546-799a02960245'}]
2019-11-01 09:36:39,558 INFO [root] [login_parameterized.py test04_requests_params_is_empyt:42] - [请求参数为空： {'success': False, 'code': 99999, 'message': '抱歉，系统繁忙，请稍后重试！', 'data': None}]
2019-11-01 09:36:39,558 INFO [root] [login_parameterized.py test04_requests_params_is_empyt:42] - [请求参数为空： {'success': False, 'code': 99999, 'message': '抱歉，系统繁忙，请稍后重试！', 'data': None}]
2019-11-01 09:36:39,558 INFO [root] [login_api.py login_invalid_params:34] - [{'verfify': '123456'}]
2019-11-01 09:36:39,558 INFO [root] [login_api.py login_invalid_params:34] - [{'verfify': '123456'}]
2019-11-01 09:36:39,558 INFO [root] [login_api.py login_invalid_params:37] - [无效参数的登陆数据 {'mobile': '13800000002', 'password': '123456', 'verfify': '123456'}]
2019-11-01 09:36:39,558 INFO [root] [login_api.py login_invalid_params:37] - [无效参数的登陆数据 {'mobile': '13800000002', 'password': '123456', 'verfify': '123456'}]
2019-11-01 09:36:39,628 INFO [root] [login_parameterized.py test07_add_invalid_params:50] - [添加一个无效的参数： {'success': True, 'code': 10000, 'message': '操作成功！', 'data': 'ae307a0b-566d-4df9-8554-ba4981ab0403'}]
2019-11-01 09:36:39,628 INFO [root] [login_parameterized.py test07_add_invalid_params:50] - [添加一个无效的参数： {'success': True, 'code': 10000, 'message': '操作成功！', 'data': 'ae307a0b-566d-4df9-8554-ba4981ab0403'}]
2019-11-01 09:36:39,708 INFO [root] [emp_parameterized.py test01_login_success:29] - [员工管理模块登陆接口的调用结果为： {'success': True, 'code': 10000, 'message': '操作成功！', 'data': '0527235e-b7bc-46d3-bb13-3f6da483a21f'}]
2019-11-01 09:36:39,708 INFO [root] [emp_parameterized.py test01_login_success:29] - [员工管理模块登陆接口的调用结果为： {'success': True, 'code': 10000, 'message': '操作成功！', 'data': '0527235e-b7bc-46d3-bb13-3f6da483a21f'}]
2019-11-01 09:36:39,708 INFO [root] [emp_parameterized.py test01_login_success:35] - [员工管理模块登陆接口中访问app.Headers的值为： {'Content-Type': 'application/json', 'Authorization': 'Bearer 0527235e-b7bc-46d3-bb13-3f6da483a21f'}]
2019-11-01 09:36:39,708 INFO [root] [emp_parameterized.py test01_login_success:35] - [员工管理模块登陆接口中访问app.Headers的值为： {'Content-Type': 'application/json', 'Authorization': 'Bearer 0527235e-b7bc-46d3-bb13-3f6da483a21f'}]
2019-11-01 09:36:39,708 INFO [root] [emp_api.py add_emp:28] - [添加员工接口中，请求头为：self.headers = {'Content-Type': 'application/json', 'Authorization': 'Bearer 0527235e-b7bc-46d3-bb13-3f6da483a21f'}]
2019-11-01 09:36:39,708 INFO [root] [emp_api.py add_emp:28] - [添加员工接口中，请求头为：self.headers = {'Content-Type': 'application/json', 'Authorization': 'Bearer 0527235e-b7bc-46d3-bb13-3f6da483a21f'}]
2019-11-01 09:36:39,788 INFO [root] [emp_parameterized.py test02_add_emp:47] - [添加员工接口的返回值为： {'success': True, 'code': 10000, 'message': '操作成功！', 'data': {'id': '1190080175362363392'}}]
2019-11-01 09:36:39,788 INFO [root] [emp_parameterized.py test02_add_emp:47] - [添加员工接口的返回值为： {'success': True, 'code': 10000, 'message': '操作成功！', 'data': {'id': '1190080175362363392'}}]
2019-11-01 09:36:39,788 INFO [root] [emp_parameterized.py test02_add_emp:52] - [添加员工接口后，保存在app.EMP_ID的值为1190080175362363392]
2019-11-01 09:36:39,788 INFO [root] [emp_parameterized.py test02_add_emp:52] - [添加员工接口后，保存在app.EMP_ID的值为1190080175362363392]
2019-11-01 09:36:39,958 INFO [root] [emp_parameterized.py test02_add_emp:68] - [从数据库查询的到的username是('女娲010',)]
2019-11-01 09:36:39,958 INFO [root] [emp_parameterized.py test02_add_emp:68] - [从数据库查询的到的username是('女娲010',)]
2019-11-01 09:36:39,958 INFO [root] [emp_api.py query_emp:32] - [传入的查询员工API接口中的emp_id的值为:1190080175362363392]
2019-11-01 09:36:39,958 INFO [root] [emp_api.py query_emp:32] - [传入的查询员工API接口中的emp_id的值为:1190080175362363392]
2019-11-01 09:36:39,958 INFO [root] [emp_api.py query_emp:35] - [查询员工接口的URL为　http://182.92.81.159/api/sys/user/1190080175362363392]
2019-11-01 09:36:39,958 INFO [root] [emp_api.py query_emp:35] - [查询员工接口的URL为　http://182.92.81.159/api/sys/user/1190080175362363392]
2019-11-01 09:36:40,038 INFO [root] [emp_parameterized.py test03_query_emp:84] - [查询员工接口返回的数据为：{'success': True, 'code': 10000, 'message': '操作成功！', 'data': {'id': '1190080175362363392', 'mobile': '13700452330', 'username': '女娲010', 'password': '4faf9b4fc3c15f39b6184727164dc545', 'enableState': 1, 'createTime': None, 'companyId': '1', 'companyName': '传智播客', 'departmentId': '1066238836272664576', 'timeOfEntry': '2019-10-01T00:00:00.000+0000', 'formOfEmployment': 1, 'workNumber': '9833221', 'formOfManagement': None, 'workingCity': None, 'correctionTime': '2019-12-31T16:00:00.000+0000', 'inServiceStatus': None, 'departmentName': '财务部', 'roleIds': [], 'staffPhoto': None}}]
2019-11-01 09:36:40,038 INFO [root] [emp_parameterized.py test03_query_emp:84] - [查询员工接口返回的数据为：{'success': True, 'code': 10000, 'message': '操作成功！', 'data': {'id': '1190080175362363392', 'mobile': '13700452330', 'username': '女娲010', 'password': '4faf9b4fc3c15f39b6184727164dc545', 'enableState': 1, 'createTime': None, 'companyId': '1', 'companyName': '传智播客', 'departmentId': '1066238836272664576', 'timeOfEntry': '2019-10-01T00:00:00.000+0000', 'formOfEmployment': 1, 'workNumber': '9833221', 'formOfManagement': None, 'workingCity': None, 'correctionTime': '2019-12-31T16:00:00.000+0000', 'inServiceStatus': None, 'departmentName': '财务部', 'roleIds': [], 'staffPhoto': None}}]
2019-11-01 09:36:40,113 INFO [root] [emp_parameterized.py test04_update_emp:93] - [修改员工的结果为：{'success': True, 'code': 10000, 'message': '操作成功！', 'data': {'id': '1190080175362363392'}}]
2019-11-01 09:36:40,113 INFO [root] [emp_parameterized.py test04_update_emp:93] - [修改员工的结果为：{'success': True, 'code': 10000, 'message': '操作成功！', 'data': {'id': '1190080175362363392'}}]
2019-11-01 09:36:40,188 INFO [root] [emp_parameterized.py test05_delete_emp:102] - [删除员工的结果为：{'success': True, 'code': 10000, 'message': '操作成功！', 'data': None}]
2019-11-01 09:36:40,188 INFO [root] [emp_parameterized.py test05_delete_emp:102] - [删除员工的结果为：{'success': True, 'code': 10000, 'message': '操作成功！', 'data': None}]
2019-11-01 09:38:07,113 INFO [root] [utils.py read_emp_add:66] - [jsonData {'emp_add': {'username': '女娲010', 'mobile': '13700452330', 'status_code': 200, 'success': True, 'code': 10000, 'message': '操作成功'}, 'emp_query': {'status_code': 200, 'success': True, 'code': 10000, 'message': '操作成功'}, 'emp_update': {'username': '迪士尼乐园', 'status_code': 200, 'success': True, 'code': 10000, 'message': '操作成功'}, 'emp_delete': {'status_code': 200, 'success': True, 'code': 10000, 'message': '操作成功'}}]
2019-11-01 09:38:07,113 INFO [root] [utils.py read_emp_add:66] - [jsonData {'emp_add': {'username': '女娲010', 'mobile': '13700452330', 'status_code': 200, 'success': True, 'code': 10000, 'message': '操作成功'}, 'emp_query': {'status_code': 200, 'success': True, 'code': 10000, 'message': '操作成功'}, 'emp_update': {'username': '迪士尼乐园', 'status_code': 200, 'success': True, 'code': 10000, 'message': '操作成功'}, 'emp_delete': {'status_code': 200, 'success': True, 'code': 10000, 'message': '操作成功'}}]
2019-11-01 09:38:07,118 INFO [root] [utils.py read_emp_add:76] - [读取到的添加员工的数据为：[('女娲010', '13700452330', 200, True, 10000, '操作成功')]]
2019-11-01 09:38:07,118 INFO [root] [utils.py read_emp_add:76] - [读取到的添加员工的数据为：[('女娲010', '13700452330', 200, True, 10000, '操作成功')]]
2019-11-01 09:38:07,128 INFO [root] [utils.py query_emp:94] - [读取员工数据时，返回的数据为：[(200, True, 10000, '操作成功')]]
2019-11-01 09:38:07,128 INFO [root] [utils.py query_emp:94] - [读取员工数据时，返回的数据为：[(200, True, 10000, '操作成功')]]
2019-11-01 09:38:07,138 INFO [root] [utils.py update_emp_data:111] - [修改员工数据时，返回的数据为：[('迪士尼乐园', 200, True, 10000, '操作成功')]]
2019-11-01 09:38:07,138 INFO [root] [utils.py update_emp_data:111] - [修改员工数据时，返回的数据为：[('迪士尼乐园', 200, True, 10000, '操作成功')]]
2019-11-01 09:38:07,148 INFO [root] [utils.py delete_emp_data:127] - [删除员工用例的数据为：[(200, True, 10000, '操作成功')]]
2019-11-01 09:38:07,148 INFO [root] [utils.py delete_emp_data:127] - [删除员工用例的数据为：[(200, True, 10000, '操作成功')]]
2019-11-01 09:38:07,153 INFO [root] [utils.py read_login_data:56] - [读取后，返回的登陆数据列表为： [('登陆成功', '1380000002', '123456', 200, True, 10000, '操作成功'), ('用户名或密码错误', '1390000002', '123456', 200, False, 20001, '用户名或密码错误'), ('密码错误', '1380000002', 'error', 200, False, 20001, '用户名或密码错误'), ('手机号码为空', '', 'error', 200, False, 20001, '用户名或密码错误'), ('密码为空', '13800000002', '', 200, False, 20001, '用户名或密码错误')]]
2019-11-01 09:38:07,153 INFO [root] [utils.py read_login_data:56] - [读取后，返回的登陆数据列表为： [('登陆成功', '1380000002', '123456', 200, True, 10000, '操作成功'), ('用户名或密码错误', '1390000002', '123456', 200, False, 20001, '用户名或密码错误'), ('密码错误', '1380000002', 'error', 200, False, 20001, '用户名或密码错误'), ('手机号码为空', '', 'error', 200, False, 20001, '用户名或密码错误'), ('密码为空', '13800000002', '', 200, False, 20001, '用户名或密码错误')]]
2019-11-01 09:38:07,248 INFO [root] [login_parameterized.py test01_login:26] - [登陆成功的数据： {'success': False, 'code': 20001, 'message': '用户名或密码错误', 'data': None}]
2019-11-01 09:38:07,248 INFO [root] [login_parameterized.py test01_login:26] - [登陆成功的数据： {'success': False, 'code': 20001, 'message': '用户名或密码错误', 'data': None}]
2019-11-01 09:38:07,338 INFO [root] [login_parameterized.py test01_login:26] - [登陆成功的数据： {'success': False, 'code': 20001, 'message': '用户名或密码错误', 'data': None}]
2019-11-01 09:38:07,338 INFO [root] [login_parameterized.py test01_login:26] - [登陆成功的数据： {'success': False, 'code': 20001, 'message': '用户名或密码错误', 'data': None}]
2019-11-01 09:38:07,433 INFO [root] [login_parameterized.py test01_login:26] - [登陆成功的数据： {'success': False, 'code': 20001, 'message': '用户名或密码错误', 'data': None}]
2019-11-01 09:38:07,433 INFO [root] [login_parameterized.py test01_login:26] - [登陆成功的数据： {'success': False, 'code': 20001, 'message': '用户名或密码错误', 'data': None}]
2019-11-01 09:38:07,508 INFO [root] [login_parameterized.py test01_login:26] - [登陆成功的数据： {'success': False, 'code': 20001, 'message': '用户名或密码错误', 'data': None}]
2019-11-01 09:38:07,508 INFO [root] [login_parameterized.py test01_login:26] - [登陆成功的数据： {'success': False, 'code': 20001, 'message': '用户名或密码错误', 'data': None}]
2019-11-01 09:38:07,578 INFO [root] [login_parameterized.py test01_login:26] - [登陆成功的数据： {'success': True, 'code': 10000, 'message': '操作成功！', 'data': 'addfdbf8-3faa-4394-9414-4c702e03b8ab'}]
2019-11-01 09:38:07,578 INFO [root] [login_parameterized.py test01_login:26] - [登陆成功的数据： {'success': True, 'code': 10000, 'message': '操作成功！', 'data': 'addfdbf8-3faa-4394-9414-4c702e03b8ab'}]
2019-11-01 09:38:07,658 INFO [root] [login_parameterized.py test04_requests_params_is_empyt:42] - [请求参数为空： {'success': False, 'code': 99999, 'message': '抱歉，系统繁忙，请稍后重试！', 'data': None}]
2019-11-01 09:38:07,658 INFO [root] [login_parameterized.py test04_requests_params_is_empyt:42] - [请求参数为空： {'success': False, 'code': 99999, 'message': '抱歉，系统繁忙，请稍后重试！', 'data': None}]
2019-11-01 09:38:07,658 INFO [root] [login_api.py login_invalid_params:34] - [{'verfify': '123456'}]
2019-11-01 09:38:07,658 INFO [root] [login_api.py login_invalid_params:34] - [{'verfify': '123456'}]
2019-11-01 09:38:07,658 INFO [root] [login_api.py login_invalid_params:37] - [无效参数的登陆数据 {'mobile': '13800000002', 'password': '123456', 'verfify': '123456'}]
2019-11-01 09:38:07,658 INFO [root] [login_api.py login_invalid_params:37] - [无效参数的登陆数据 {'mobile': '13800000002', 'password': '123456', 'verfify': '123456'}]
2019-11-01 09:38:07,728 INFO [root] [login_parameterized.py test07_add_invalid_params:50] - [添加一个无效的参数： {'success': True, 'code': 10000, 'message': '操作成功！', 'data': '8ba124cb-4fc7-4244-a8aa-60e6c9f04059'}]
2019-11-01 09:38:07,728 INFO [root] [login_parameterized.py test07_add_invalid_params:50] - [添加一个无效的参数： {'success': True, 'code': 10000, 'message': '操作成功！', 'data': '8ba124cb-4fc7-4244-a8aa-60e6c9f04059'}]
2019-11-01 09:38:07,798 INFO [root] [emp_parameterized.py test01_login_success:29] - [员工管理模块登陆接口的调用结果为： {'success': True, 'code': 10000, 'message': '操作成功！', 'data': 'e482ec45-d517-4497-ada0-449eb4b3b842'}]
2019-11-01 09:38:07,798 INFO [root] [emp_parameterized.py test01_login_success:29] - [员工管理模块登陆接口的调用结果为： {'success': True, 'code': 10000, 'message': '操作成功！', 'data': 'e482ec45-d517-4497-ada0-449eb4b3b842'}]
2019-11-01 09:38:07,798 INFO [root] [emp_parameterized.py test01_login_success:35] - [员工管理模块登陆接口中访问app.Headers的值为： {'Content-Type': 'application/json', 'Authorization': 'Bearer e482ec45-d517-4497-ada0-449eb4b3b842'}]
2019-11-01 09:38:07,798 INFO [root] [emp_parameterized.py test01_login_success:35] - [员工管理模块登陆接口中访问app.Headers的值为： {'Content-Type': 'application/json', 'Authorization': 'Bearer e482ec45-d517-4497-ada0-449eb4b3b842'}]
2019-11-01 09:38:07,798 INFO [root] [emp_api.py add_emp:28] - [添加员工接口中，请求头为：self.headers = {'Content-Type': 'application/json', 'Authorization': 'Bearer e482ec45-d517-4497-ada0-449eb4b3b842'}]
2019-11-01 09:38:07,798 INFO [root] [emp_api.py add_emp:28] - [添加员工接口中，请求头为：self.headers = {'Content-Type': 'application/json', 'Authorization': 'Bearer e482ec45-d517-4497-ada0-449eb4b3b842'}]
2019-11-01 09:38:07,878 INFO [root] [emp_parameterized.py test02_add_emp:47] - [添加员工接口的返回值为： {'success': True, 'code': 10000, 'message': '操作成功！', 'data': {'id': '1190080544834408448'}}]
2019-11-01 09:38:07,878 INFO [root] [emp_parameterized.py test02_add_emp:47] - [添加员工接口的返回值为： {'success': True, 'code': 10000, 'message': '操作成功！', 'data': {'id': '1190080544834408448'}}]
2019-11-01 09:38:07,878 INFO [root] [emp_parameterized.py test02_add_emp:52] - [添加员工接口后，保存在app.EMP_ID的值为1190080544834408448]
2019-11-01 09:38:07,878 INFO [root] [emp_parameterized.py test02_add_emp:52] - [添加员工接口后，保存在app.EMP_ID的值为1190080544834408448]
2019-11-01 09:38:08,066 INFO [root] [emp_parameterized.py test02_add_emp:68] - [从数据库查询的到的username是('女娲010',)]
2019-11-01 09:38:08,066 INFO [root] [emp_parameterized.py test02_add_emp:68] - [从数据库查询的到的username是('女娲010',)]
2019-11-01 09:38:08,066 INFO [root] [emp_api.py query_emp:32] - [传入的查询员工API接口中的emp_id的值为:1190080544834408448]
2019-11-01 09:38:08,066 INFO [root] [emp_api.py query_emp:32] - [传入的查询员工API接口中的emp_id的值为:1190080544834408448]
2019-11-01 09:38:08,066 INFO [root] [emp_api.py query_emp:35] - [查询员工接口的URL为　http://182.92.81.159/api/sys/user/1190080544834408448]
2019-11-01 09:38:08,066 INFO [root] [emp_api.py query_emp:35] - [查询员工接口的URL为　http://182.92.81.159/api/sys/user/1190080544834408448]
2019-11-01 09:38:08,138 INFO [root] [emp_parameterized.py test03_query_emp:84] - [查询员工接口返回的数据为：{'success': True, 'code': 10000, 'message': '操作成功！', 'data': {'id': '1190080544834408448', 'mobile': '13700452330', 'username': '女娲010', 'password': '4faf9b4fc3c15f39b6184727164dc545', 'enableState': 1, 'createTime': None, 'companyId': '1', 'companyName': '传智播客', 'departmentId': '1066238836272664576', 'timeOfEntry': '2019-10-01T00:00:00.000+0000', 'formOfEmployment': 1, 'workNumber': '9833221', 'formOfManagement': None, 'workingCity': None, 'correctionTime': '2019-12-31T16:00:00.000+0000', 'inServiceStatus': None, 'departmentName': '财务部', 'roleIds': [], 'staffPhoto': None}}]
2019-11-01 09:38:08,138 INFO [root] [emp_parameterized.py test03_query_emp:84] - [查询员工接口返回的数据为：{'success': True, 'code': 10000, 'message': '操作成功！', 'data': {'id': '1190080544834408448', 'mobile': '13700452330', 'username': '女娲010', 'password': '4faf9b4fc3c15f39b6184727164dc545', 'enableState': 1, 'createTime': None, 'companyId': '1', 'companyName': '传智播客', 'departmentId': '1066238836272664576', 'timeOfEntry': '2019-10-01T00:00:00.000+0000', 'formOfEmployment': 1, 'workNumber': '9833221', 'formOfManagement': None, 'workingCity': None, 'correctionTime': '2019-12-31T16:00:00.000+0000', 'inServiceStatus': None, 'departmentName': '财务部', 'roleIds': [], 'staffPhoto': None}}]
2019-11-01 09:38:08,223 INFO [root] [emp_parameterized.py test04_update_emp:93] - [修改员工的结果为：{'success': True, 'code': 10000, 'message': '操作成功！', 'data': {'id': '1190080544834408448'}}]
2019-11-01 09:38:08,223 INFO [root] [emp_parameterized.py test04_update_emp:93] - [修改员工的结果为：{'success': True, 'code': 10000, 'message': '操作成功！', 'data': {'id': '1190080544834408448'}}]
2019-11-01 09:38:08,308 INFO [root] [emp_parameterized.py test05_delete_emp:102] - [删除员工的结果为：{'success': True, 'code': 10000, 'message': '操作成功！', 'data': None}]
2019-11-01 09:38:08,308 INFO [root] [emp_parameterized.py test05_delete_emp:102] - [删除员工的结果为：{'success': True, 'code': 10000, 'message': '操作成功！', 'data': None}]
